# JRE version: OpenJDK Runtime Environment (17.0.6) (build 17.0.6+0-b2043.56-10027231)
# Java VM: OpenJDK 64-Bit Server VM (17.0.6+0-b2043.56-10027231, mixed mode, tiered, compressed oops, compressed class ptrs, g1 gc, windows-amd64)
GC Precious Log:
 CPUs: 12 total, 12 available
 Memory: 16052M
 Large Page Support: Disabled
 NUMA Support: Disabled
 Compressed Oops: Enabled (32-bit)
 Heap Region Size: 1M
 Heap Min Capacity: 8M
 Heap Initial Capacity: 252M
 Heap Max Capacity: 2G
 Pre-touch: Disabled
 Parallel Workers: 10
 Concurrent Workers: 3
 Concurrent Refinement Workers: 10
 Periodic GC: Disabled
Heap:
 garbage-first heap   total 283648K, used 170953K [0x0000000080000000, 0x0000000100000000)
  region size 1024K, 5 young (5120K), 4 survivors (4096K)
 Metaspace       used 100875K, committed 101632K, reserved 1138688K
  class space    used 13673K, committed 14016K, reserved 1048576K
GC Heap History (20 events):
Event: 14.128 GC heap before
{Heap before GC invocations=47 (full 0):
 garbage-first heap   total 221184K, used 119144K [0x0000000080000000, 0x0000000100000000)
  region size 1024K, 13 young (13312K), 6 survivors (6144K)
 Metaspace       used 94748K, committed 95424K, reserved 1138688K
  class space    used 12859K, committed 13184K, reserved 1048576K
}
Event: 14.135 GC heap after
{Heap after GC invocations=48 (full 0):
 garbage-first heap   total 221184K, used 115262K [0x0000000080000000, 0x0000000100000000)
  region size 1024K, 3 young (3072K), 3 survivors (3072K)
 Metaspace       used 94748K, committed 95424K, reserved 1138688K
  class space    used 12859K, committed 13184K, reserved 1048576K
}
Event: 14.371 GC heap before
{Heap before GC invocations=49 (full 0):
 garbage-first heap   total 221184K, used 124478K [0x0000000080000000, 0x0000000100000000)
  region size 1024K, 12 young (12288K), 3 survivors (3072K)
 Metaspace       used 96357K, committed 97024K, reserved 1138688K
  class space    used 12993K, committed 13312K, reserved 1048576K
}
Event: 14.375 GC heap after
{Heap after GC invocations=50 (full 0):
 garbage-first heap   total 221184K, used 115418K [0x0000000080000000, 0x0000000100000000)
  region size 1024K, 3 young (3072K), 3 survivors (3072K)
 Metaspace       used 96357K, committed 97024K, reserved 1138688K
  class space    used 12993K, committed 13312K, reserved 1048576K
}
Event: 15.273 GC heap before
{Heap before GC invocations=51 (full 0):
 garbage-first heap   total 232448K, used 190170K [0x0000000080000000, 0x0000000100000000)
  region size 1024K, 55 young (56320K), 3 survivors (3072K)
 Metaspace       used 100021K, committed 100800K, reserved 1138688K
  class space    used 13563K, committed 13952K, reserved 1048576K
}
Event: 15.281 GC heap after
{Heap after GC invocations=52 (full 0):
 garbage-first heap   total 232448K, used 145272K [0x0000000080000000, 0x0000000100000000)
  region size 1024K, 7 young (7168K), 7 survivors (7168K)
 Metaspace       used 100021K, committed 100800K, reserved 1138688K
  class space    used 13563K, committed 13952K, reserved 1048576K
}
Event: 15.450 GC heap before
{Heap before GC invocations=52 (full 0):
 garbage-first heap   total 232448K, used 157560K [0x0000000080000000, 0x0000000100000000)
  region size 1024K, 20 young (20480K), 7 survivors (7168K)
 Metaspace       used 100842K, committed 101632K, reserved 1138688K
  class space    used 13672K, committed 14016K, reserved 1048576K
}
Event: 15.456 GC heap after
{Heap after GC invocations=53 (full 0):
 garbage-first heap   total 232448K, used 146608K [0x0000000080000000, 0x0000000100000000)
  region size 1024K, 1 young (1024K), 1 survivors (1024K)
 Metaspace       used 100842K, committed 101632K, reserved 1138688K
  class space    used 13672K, committed 14016K, reserved 1048576K
}
Event: 15.698 GC heap before
{Heap before GC invocations=54 (full 0):
 garbage-first heap   total 261120K, used 193712K [0x0000000080000000, 0x0000000100000000)
  region size 1024K, 43 young (44032K), 1 survivors (1024K)
 Metaspace       used 100849K, committed 101632K, reserved 1138688K
  class space    used 13673K, committed 14016K, reserved 1048576K
}
Event: 15.711 GC heap after
{Heap after GC invocations=55 (full 0):
 garbage-first heap   total 261120K, used 164864K [0x0000000080000000, 0x0000000100000000)
  region size 1024K, 6 young (6144K), 6 survivors (6144K)
 Metaspace       used 100849K, committed 101632K, reserved 1138688K
  class space    used 13673K, committed 14016K, reserved 1048576K
}
Event: 15.864 GC heap before
{Heap before GC invocations=55 (full 0):
 garbage-first heap   total 261120K, used 169984K [0x0000000080000000, 0x0000000100000000)
  region size 1024K, 12 young (12288K), 6 survivors (6144K)
 Metaspace       used 100850K, committed 101632K, reserved 1138688K
  class space    used 13673K, committed 14016K, reserved 1048576K
}
Event: 15.871 GC heap after
{Heap after GC invocations=56 (full 0):
 garbage-first heap   total 261120K, used 164916K [0x0000000080000000, 0x0000000100000000)
  region size 1024K, 2 young (2048K), 2 survivors (2048K)
 Metaspace       used 100850K, committed 101632K, reserved 1138688K
  class space    used 13673K, committed 14016K, reserved 1048576K
}
Event: 17.127 GC heap before
{Heap before GC invocations=56 (full 0):
 garbage-first heap   total 261120K, used 206900K [0x0000000080000000, 0x0000000100000000)
  region size 1024K, 43 young (44032K), 2 survivors (2048K)
 Metaspace       used 100870K, committed 101632K, reserved 1138688K
  class space    used 13673K, committed 14016K, reserved 1048576K
}
Event: 17.131 GC heap after
{Heap after GC invocations=57 (full 0):
 garbage-first heap   total 261120K, used 166280K [0x0000000080000000, 0x0000000100000000)
  region size 1024K, 3 young (3072K), 3 survivors (3072K)
 Metaspace       used 100870K, committed 101632K, reserved 1138688K
  class space    used 13673K, committed 14016K, reserved 1048576K
}
Event: 18.057 GC heap before
{Heap before GC invocations=58 (full 0):
 garbage-first heap   total 283648K, used 210312K [0x0000000080000000, 0x0000000100000000)
  region size 1024K, 46 young (47104K), 3 survivors (3072K)
 Metaspace       used 100873K, committed 101632K, reserved 1138688K
  class space    used 13673K, committed 14016K, reserved 1048576K
}
Event: 18.063 GC heap after
{Heap after GC invocations=59 (full 0):
 garbage-first heap   total 283648K, used 168258K [0x0000000080000000, 0x0000000100000000)
  region size 1024K, 5 young (5120K), 5 survivors (5120K)
 Metaspace       used 100873K, committed 101632K, reserved 1138688K
  class space    used 13673K, committed 14016K, reserved 1048576K
}
Event: 18.394 GC heap before
{Heap before GC invocations=59 (full 0):
 garbage-first heap   total 283648K, used 176450K [0x0000000080000000, 0x0000000100000000)
  region size 1024K, 13 young (13312K), 5 survivors (5120K)
 Metaspace       used 100873K, committed 101632K, reserved 1138688K
  class space    used 13673K, committed 14016K, reserved 1048576K
}
Event: 18.398 GC heap after
{Heap after GC invocations=60 (full 0):
 garbage-first heap   total 283648K, used 168259K [0x0000000080000000, 0x0000000100000000)
  region size 1024K, 1 young (1024K), 1 survivors (1024K)
 Metaspace       used 100873K, committed 101632K, reserved 1138688K
  class space    used 13673K, committed 14016K, reserved 1048576K
}
Event: 20.254 GC heap before
{Heap before GC invocations=60 (full 0):
 garbage-first heap   total 283648K, used 227651K [0x0000000080000000, 0x0000000100000000)
  region size 1024K, 59 young (60416K), 1 survivors (1024K)
 Metaspace       used 100875K, committed 101632K, reserved 1138688K
  class space    used 13673K, committed 14016K, reserved 1048576K
}
Event: 20.264 GC heap after
{Heap after GC invocations=61 (full 0):
 garbage-first heap   total 283648K, used 170953K [0x0000000080000000, 0x0000000100000000)
  region size 1024K, 4 young (4096K), 4 survivors (4096K)
 Metaspace       used 100875K, committed 101632K, reserved 1138688K
  class space    used 13673K, committed 14016K, reserved 1048576K
}

